2022-07-14 13:07:02,983 INFO org.hibernate.validator.internal.util.Version[background-preinit] HV000001: Hibernate Validator 6.2.3.Final
2022-07-14 13:07:02,993 INFO org.springframework.boot.StartupInfoLogger[main] Starting Application using Java 11.0.15 on DESKTOP-JI6BF0M with PID 16196 (C:\Users\MSI\Downloads\spring\spring\target\classes started by MSI in C:\Users\MSI\Downloads\spring)
2022-07-14 13:07:02,996 INFO org.springframework.boot.SpringApplication[main] No active profile set, falling back to 1 default profile: "default"
2022-07-14 13:07:04,021 INFO org.springframework.data.repository.config.RepositoryConfigurationDelegate[main] Bootstrapping Spring Data JPA repositories in DEFAULT mode.
2022-07-14 13:07:04,124 INFO org.springframework.data.repository.config.RepositoryConfigurationDelegate[main] Finished Spring Data repository scanning in 90 ms. Found 4 JPA repository interfaces.
2022-07-14 13:07:05,116 INFO org.springframework.boot.web.embedded.tomcat.TomcatWebServer[main] Tomcat initialized with port(s): 8080 (http)
2022-07-14 13:07:05,133 INFO org.apache.juli.logging.DirectJDKLog[main] Initializing ProtocolHandler ["http-nio-8080"]
2022-07-14 13:07:05,134 INFO org.apache.juli.logging.DirectJDKLog[main] Starting service [Tomcat]
2022-07-14 13:07:05,134 INFO org.apache.juli.logging.DirectJDKLog[main] Starting Servlet engine: [Apache Tomcat/9.0.63]
2022-07-14 13:07:05,284 INFO org.apache.juli.logging.DirectJDKLog[main] Initializing Spring embedded WebApplicationContext
2022-07-14 13:07:05,284 INFO org.springframework.boot.web.servlet.context.ServletWebServerApplicationContext[main] Root WebApplicationContext: initialization completed in 2213 ms
2022-07-14 13:07:05,507 INFO org.hibernate.jpa.internal.util.LogHelper[main] HHH000204: Processing PersistenceUnitInfo [name: default]
2022-07-14 13:07:05,579 INFO org.hibernate.Version[main] HHH000412: Hibernate ORM core version 5.6.9.Final
2022-07-14 13:07:05,766 INFO org.hibernate.annotations.common.reflection.java.JavaReflectionManager[main] HCANN000001: Hibernate Commons Annotations {5.1.2.Final}
2022-07-14 13:07:05,903 INFO com.zaxxer.hikari.HikariDataSource[main] HikariPool-1 - Starting...
2022-07-14 13:07:06,124 INFO com.zaxxer.hikari.HikariDataSource[main] HikariPool-1 - Start completed.
2022-07-14 13:07:06,164 INFO org.hibernate.dialect.Dialect[main] HHH000400: Using dialect: org.hibernate.dialect.PostgreSQL10Dialect
2022-07-14 13:07:07,744 INFO org.hibernate.engine.transaction.jta.platform.internal.JtaPlatformInitiator[main] HHH000490: Using JtaPlatform implementation: [org.hibernate.engine.transaction.jta.platform.internal.NoJtaPlatform]
2022-07-14 13:07:07,755 INFO org.springframework.orm.jpa.AbstractEntityManagerFactoryBean[main] Initialized JPA EntityManagerFactory for persistence unit 'default'
2022-07-14 13:07:08,564 WARN org.springframework.boot.autoconfigure.orm.jpa.JpaBaseConfiguration$JpaWebConfiguration[main] spring.jpa.open-in-view is enabled by default. Therefore, database queries may be performed during view rendering. Explicitly configure spring.jpa.open-in-view to disable this warning
2022-07-14 13:07:09,040 INFO org.apache.juli.logging.DirectJDKLog[main] Starting ProtocolHandler ["http-nio-8080"]
2022-07-14 13:07:09,067 INFO org.springframework.boot.web.embedded.tomcat.TomcatWebServer[main] Tomcat started on port(s): 8080 (http) with context path '/api/v2/colegio'
2022-07-14 13:07:09,081 INFO org.springframework.boot.StartupInfoLogger[main] Started Application in 6.716 seconds (JVM running for 7.515)
2022-07-14 13:09:21,187 INFO org.apache.juli.logging.DirectJDKLog[http-nio-8080-exec-1] Initializing Spring DispatcherServlet 'dispatcherServlet'
2022-07-14 13:09:21,187 INFO org.springframework.web.servlet.FrameworkServlet[http-nio-8080-exec-1] Initializing Servlet 'dispatcherServlet'
2022-07-14 13:09:21,188 INFO org.springframework.web.servlet.FrameworkServlet[http-nio-8080-exec-1] Completed initialization in 1 ms
2022-07-14 13:09:21,225 INFO com.colegio.spring.controlador.PrimerRestController[http-nio-8080-exec-1] info log
2022-07-14 13:09:21,226 WARN com.colegio.spring.controlador.PrimerRestController[http-nio-8080-exec-1] warning log
2022-07-14 13:09:21,226 ERROR com.colegio.spring.controlador.PrimerRestController[http-nio-8080-exec-1] error log
2022-07-14 13:14:20,465 INFO com.colegio.spring.controlador.PrimerRestController[http-nio-8080-exec-5] info log
2022-07-14 13:14:20,466 WARN com.colegio.spring.controlador.PrimerRestController[http-nio-8080-exec-5] warning log
2022-07-14 13:14:20,466 ERROR com.colegio.spring.controlador.PrimerRestController[http-nio-8080-exec-5] error log
2022-07-14 13:14:21,292 INFO com.colegio.spring.controlador.PrimerRestController[http-nio-8080-exec-6] info log
2022-07-14 13:14:21,292 WARN com.colegio.spring.controlador.PrimerRestController[http-nio-8080-exec-6] warning log
2022-07-14 13:14:21,293 ERROR com.colegio.spring.controlador.PrimerRestController[http-nio-8080-exec-6] error log
2022-07-14 13:14:22,137 INFO com.colegio.spring.controlador.PrimerRestController[http-nio-8080-exec-7] info log
2022-07-14 13:14:22,138 WARN com.colegio.spring.controlador.PrimerRestController[http-nio-8080-exec-7] warning log
2022-07-14 13:14:22,138 ERROR com.colegio.spring.controlador.PrimerRestController[http-nio-8080-exec-7] error log
2022-07-14 13:14:22,848 INFO com.colegio.spring.controlador.PrimerRestController[http-nio-8080-exec-8] info log
2022-07-14 13:14:22,849 WARN com.colegio.spring.controlador.PrimerRestController[http-nio-8080-exec-8] warning log
2022-07-14 13:14:22,849 ERROR com.colegio.spring.controlador.PrimerRestController[http-nio-8080-exec-8] error log
2022-07-14 13:14:23,646 INFO com.colegio.spring.controlador.PrimerRestController[http-nio-8080-exec-9] info log
2022-07-14 13:14:23,646 WARN com.colegio.spring.controlador.PrimerRestController[http-nio-8080-exec-9] warning log
2022-07-14 13:14:23,646 ERROR com.colegio.spring.controlador.PrimerRestController[http-nio-8080-exec-9] error log
2022-07-14 14:09:50,057 INFO org.springframework.orm.jpa.AbstractEntityManagerFactoryBean[SpringApplicationShutdownHook] Closing JPA EntityManagerFactory for persistence unit 'default'
2022-07-14 14:09:50,073 INFO com.zaxxer.hikari.HikariDataSource[SpringApplicationShutdownHook] HikariPool-1 - Shutdown initiated...
2022-07-14 14:09:50,073 INFO com.zaxxer.hikari.HikariDataSource[SpringApplicationShutdownHook] HikariPool-1 - Shutdown completed.
2022-07-14 18:00:46,213 INFO org.hibernate.validator.internal.util.Version [background-preinit] HV000001: Hibernate Validator 6.2.3.Final
2022-07-14 18:00:46,227 INFO org.springframework.boot.StartupInfoLogger [main] Starting Application using Java 11.0.15 on DESKTOP-JI6BF0M with PID 12304 (C:\Users\MSI\Downloads\spring\spring\target\classes started by MSI in C:\Users\MSI\Downloads\spring)
2022-07-14 18:00:46,229 INFO org.springframework.boot.SpringApplication [main] No active profile set, falling back to 1 default profile: "default"
